app/build/intermediates/manifest_merge_blame_file/release/manifest-merger-blame-release-report.txt
1<?xml version="1.0" encoding="utf-8"?>
2<manifest xmlns:android="http://schemas.android.com/apk/res/android"
3    package="com.givevision.rochesightchart"
4    android:versionCode="302"
5    android:versionName="302" >
6
7    <uses-sdk
8        android:minSdkVersion="24"
8-->src\main\AndroidManifest.xml
9        android:targetSdkVersion="26" />
9-->src\main\AndroidManifest.xml
10
11    <!-- ver 100 - generate chart with picture -->
12    <!-- ver 200 - generate C into texture -->
13    <!--
14       ver 300 - generate E into texture, remove voice command, add 1 step, modify controller responses,
15               add bip, auto-play each 3s
16    -->
17    <!-- ver 301 - Calibration for each eye separately, Step 1: gray circle -->
18    <!-- ver 302 - text modification -->
19
20    <uses-feature
20-->src\main\AndroidManifest.xml:14:5-15:35
21        android:glEsVersion="0x00020000"
21-->src\main\AndroidManifest.xml:14:19-51
22        android:required="true" />
22-->src\main\AndroidManifest.xml:15:9-32
23
24    <uses-permission android:name="android.permission.BLUETOOTH" />
24-->src\main\AndroidManifest.xml:17:5-68
24-->src\main\AndroidManifest.xml:17:22-65
25    <uses-permission android:name="android.permission.WRITE_EXTERNAL_STORAGE" />
25-->src\main\AndroidManifest.xml:18:5-81
25-->src\main\AndroidManifest.xml:18:22-78
26    <uses-permission android:name="android.permission.RECORD_AUDIO" />
26-->src\main\AndroidManifest.xml:19:5-71
26-->src\main\AndroidManifest.xml:19:22-68
27    <uses-permission android:name="android.permission.WAKE_LOCK" />
27-->src\main\AndroidManifest.xml:20:5-68
27-->src\main\AndroidManifest.xml:20:22-65
28
29    <application
29-->src\main\AndroidManifest.xml:22:5-40:19
30        android:allowBackup="true"
30-->src\main\AndroidManifest.xml:25:9-35
31        android:appComponentFactory="androidx.core.app.CoreComponentFactory"
31-->[androidx.core:core:1.0.2] AndroidManifest.xml:22:18-86
32        android:configChanges="keyboard|keyboardHidden|screenLayout|screenSize|navigation"
32-->src\main\AndroidManifest.xml:30:9-91
33        android:extractNativeLibs="false"
34        android:icon="@mipmap/ic_launcher"
34-->src\main\AndroidManifest.xml:26:9-43
35        android:label="@string/app_name"
35-->src\main\AndroidManifest.xml:27:9-41
36        android:roundIcon="@mipmap/ic_launcher_round"
36-->src\main\AndroidManifest.xml:28:9-54
37        android:screenOrientation="landscape"
37-->src\main\AndroidManifest.xml:23:9-46
38        android:supportsRtl="true"
38-->src\main\AndroidManifest.xml:29:9-35
39        android:theme="@android:style/Theme.Black.NoTitleBar.Fullscreen" >
39-->src\main\AndroidManifest.xml:24:9-73
40        <activity
40-->src\main\AndroidManifest.xml:33:9-39:20
41            android:name="com.givevision.rochesightchart.MainActivity"
41-->src\main\AndroidManifest.xml:33:19-47
42            android:configChanges="keyboard|keyboardHidden|screenLayout|screenSize|navigation" >
42-->src\main\AndroidManifest.xml:34:13-95
43            <intent-filter>
43-->src\main\AndroidManifest.xml:35:13-38:29
44                <action android:name="android.intent.action.MAIN" />
44-->src\main\AndroidManifest.xml:36:17-69
44-->src\main\AndroidManifest.xml:36:25-66
45
46                <category android:name="android.intent.category.LAUNCHER" />
46-->src\main\AndroidManifest.xml:37:17-77
46-->src\main\AndroidManifest.xml:37:27-74
47            </intent-filter>
48        </activity>
49    </application>
50
51</manifest>